<?xml version="1.0" encoding="utf-8"?><testsuites name="pytest tests"><testsuite name="pytest" errors="0" failures="0" skipped="0" tests="31" time="3.663" timestamp="2026-04-17T09:19:52.078521+00:00" hostname="agent-env-0b878442-a875-449d-b567-bf753695fa3c"><testcase classname="tests.test_api.TestPublicEndpoints" name="test_get_outlets_returns_5_seeded" time="0.346" /><testcase classname="tests.test_api.TestPublicEndpoints" name="test_get_offers_returns_3_including_global" time="0.044" /><testcase classname="tests.test_api.TestPublicEndpoints" name="test_get_menu_filtered_by_outlet" time="0.088" /><testcase classname="tests.test_api.TestPublicEndpoints" name="test_get_individual_outlet" time="0.103" /><testcase classname="tests.test_api.TestPublicEndpoints" name="test_get_nonexistent_outlet_returns_404" time="0.044" /><testcase classname="tests.test_api.TestAuthEndpoints" name="test_login_success_with_correct_credentials" time="0.269" /><testcase classname="tests.test_api.TestAuthEndpoints" name="test_login_fails_with_wrong_password" time="0.268" /><testcase classname="tests.test_api.TestAuthEndpoints" name="test_login_fails_with_nonexistent_email" time="0.084" /><testcase classname="tests.test_api.TestAuthEndpoints" name="test_me_requires_authorization_header" time="0.045" /><testcase classname="tests.test_api.TestAuthEndpoints" name="test_me_with_valid_token_returns_user" time="0.347" /><testcase classname="tests.test_api.TestAdminOutletCRUD" name="test_create_outlet_requires_auth" time="0.040" /><testcase classname="tests.test_api.TestAdminOutletCRUD" name="test_create_and_verify_outlet" time="0.084" /><testcase classname="tests.test_api.TestAdminOutletCRUD" name="test_update_outlet_requires_auth" time="0.041" /><testcase classname="tests.test_api.TestAdminOutletCRUD" name="test_delete_outlet_requires_auth" time="0.083" /><testcase classname="tests.test_api.TestAdminMenuCRUD" name="test_create_menu_requires_auth" time="0.042" /><testcase classname="tests.test_api.TestAdminMenuCRUD" name="test_create_and_verify_menu_item" time="0.167" /><testcase classname="tests.test_api.TestAdminMenuCRUD" name="test_update_menu_requires_auth" time="0.043" /><testcase classname="tests.test_api.TestAdminMenuCRUD" name="test_delete_menu_requires_auth" time="0.082" /><testcase classname="tests.test_api.TestAdminOffersCRUD" name="test_create_offer_requires_auth" time="0.044" /><testcase classname="tests.test_api.TestAdminOffersCRUD" name="test_create_and_verify_offer" time="0.086" /><testcase classname="tests.test_api.TestAdminOffersCRUD" name="test_update_offer_requires_auth" time="0.082" /><testcase classname="tests.test_api.TestAdminOffersCRUD" name="test_delete_offer_requires_auth" time="0.041" /><testcase classname="tests.test_api.TestReservations" name="test_create_reservation_for_enabled_outlet_succeeds" time="0.085" /><testcase classname="tests.test_api.TestReservations" name="test_create_reservation_for_disabled_outlet_fails" time="0.082" /><testcase classname="tests.test_api.TestReservations" name="test_list_reservations_requires_auth" time="0.081" /><testcase classname="tests.test_api.TestReservations" name="test_list_reservations_with_auth" time="0.082" /><testcase classname="tests.test_api.TestReservations" name="test_list_reservations_with_outlet_filter" time="0.088" /><testcase classname="tests.test_api.TestReservations" name="test_list_reservations_with_date_filter" time="0.042" /><testcase classname="tests.test_api.TestReservations" name="test_update_reservation_status_requires_auth" time="0.042" /><testcase classname="tests.test_api.TestReservations" name="test_update_reservation_status_with_auth" time="0.209" /><testcase classname="tests.test_api.TestCascadeDelete" name="test_delete_outlet_cascades_menu_and_offers" time="0.426" /></testsuite></testsuites>